15-Apr-2020 08:32:15.286 INFO [localhost-startStop-1] org.apache.catalina.core.ApplicationContext.log ContextListener: contextInitialized()
15-Apr-2020 08:32:15.286 INFO [localhost-startStop-1] org.apache.catalina.core.ApplicationContext.log SessionListener: contextInitialized()
15-Apr-2020 08:32:15.287 INFO [localhost-startStop-1] org.apache.catalina.core.ApplicationContext.log ContextListener: attributeAdded('StockTicker', 'async.Stockticker@35ba32e1')
15-Apr-2020 08:32:15.364 INFO [localhost-startStop-1] org.apache.catalina.core.ApplicationContext.log SessionListener: contextDestroyed()
15-Apr-2020 08:32:15.365 INFO [localhost-startStop-1] org.apache.catalina.core.ApplicationContext.log ContextListener: contextDestroyed()
15-Apr-2020 08:33:23.674 INFO [localhost-startStop-1] org.apache.catalina.core.ApplicationContext.log ContextListener: contextInitialized()
15-Apr-2020 08:33:23.674 INFO [localhost-startStop-1] org.apache.catalina.core.ApplicationContext.log SessionListener: contextInitialized()
15-Apr-2020 08:33:23.675 INFO [localhost-startStop-1] org.apache.catalina.core.ApplicationContext.log ContextListener: attributeAdded('StockTicker', 'async.Stockticker@5a602fef')
15-Apr-2020 08:35:01.281 INFO [localhost-startStop-2] org.apache.catalina.core.ApplicationContext.log SessionListener: contextDestroyed()
15-Apr-2020 08:35:01.281 INFO [localhost-startStop-2] org.apache.catalina.core.ApplicationContext.log ContextListener: contextDestroyed()
15-Apr-2020 08:35:06.569 INFO [localhost-startStop-1] org.apache.catalina.core.ApplicationContext.log ContextListener: contextInitialized()
15-Apr-2020 08:35:06.569 INFO [localhost-startStop-1] org.apache.catalina.core.ApplicationContext.log SessionListener: contextInitialized()
15-Apr-2020 08:35:06.570 INFO [localhost-startStop-1] org.apache.catalina.core.ApplicationContext.log ContextListener: attributeAdded('StockTicker', 'async.Stockticker@5a602fef')
15-Apr-2020 08:39:30.385 INFO [localhost-startStop-2] org.apache.catalina.core.ApplicationContext.log SessionListener: contextDestroyed()
15-Apr-2020 08:39:30.385 INFO [localhost-startStop-2] org.apache.catalina.core.ApplicationContext.log ContextListener: contextDestroyed()
15-Apr-2020 08:39:35.233 INFO [localhost-startStop-1] org.apache.catalina.core.ApplicationContext.log ContextListener: contextInitialized()
15-Apr-2020 08:39:35.233 INFO [localhost-startStop-1] org.apache.catalina.core.ApplicationContext.log SessionListener: contextInitialized()
15-Apr-2020 08:39:35.234 INFO [localhost-startStop-1] org.apache.catalina.core.ApplicationContext.log ContextListener: attributeAdded('StockTicker', 'async.Stockticker@258f3b52')
15-Apr-2020 08:43:55.415 INFO [localhost-startStop-3] org.apache.catalina.core.ApplicationContext.log SessionListener: contextDestroyed()
15-Apr-2020 08:43:55.415 INFO [localhost-startStop-3] org.apache.catalina.core.ApplicationContext.log ContextListener: contextDestroyed()
15-Apr-2020 08:44:00.292 INFO [localhost-startStop-1] org.apache.catalina.core.ApplicationContext.log ContextListener: contextInitialized()
15-Apr-2020 08:44:00.293 INFO [localhost-startStop-1] org.apache.catalina.core.ApplicationContext.log SessionListener: contextInitialized()
15-Apr-2020 08:44:00.294 INFO [localhost-startStop-1] org.apache.catalina.core.ApplicationContext.log ContextListener: attributeAdded('StockTicker', 'async.Stockticker@5a602fef')
15-Apr-2020 08:46:34.747 INFO [localhost-startStop-2] org.apache.catalina.core.ApplicationContext.log SessionListener: contextDestroyed()
15-Apr-2020 08:46:34.747 INFO [localhost-startStop-2] org.apache.catalina.core.ApplicationContext.log ContextListener: contextDestroyed()
15-Apr-2020 08:46:38.789 INFO [localhost-startStop-1] org.apache.catalina.core.ApplicationContext.log ContextListener: contextInitialized()
15-Apr-2020 08:46:38.789 INFO [localhost-startStop-1] org.apache.catalina.core.ApplicationContext.log SessionListener: contextInitialized()
15-Apr-2020 08:46:38.790 INFO [localhost-startStop-1] org.apache.catalina.core.ApplicationContext.log ContextListener: attributeAdded('StockTicker', 'async.Stockticker@20232ae3')
15-Apr-2020 08:47:41.278 INFO [localhost-startStop-2] org.apache.catalina.core.ApplicationContext.log SessionListener: contextDestroyed()
15-Apr-2020 08:47:41.278 INFO [localhost-startStop-2] org.apache.catalina.core.ApplicationContext.log ContextListener: contextDestroyed()
15-Apr-2020 08:47:45.734 INFO [localhost-startStop-1] org.apache.catalina.core.ApplicationContext.log ContextListener: contextInitialized()
15-Apr-2020 08:47:45.734 INFO [localhost-startStop-1] org.apache.catalina.core.ApplicationContext.log SessionListener: contextInitialized()
15-Apr-2020 08:47:45.735 INFO [localhost-startStop-1] org.apache.catalina.core.ApplicationContext.log ContextListener: attributeAdded('StockTicker', 'async.Stockticker@5d4cb42a')
15-Apr-2020 08:48:19.285 INFO [localhost-startStop-2] org.apache.catalina.core.ApplicationContext.log SessionListener: contextDestroyed()
15-Apr-2020 08:48:19.285 INFO [localhost-startStop-2] org.apache.catalina.core.ApplicationContext.log ContextListener: contextDestroyed()
15-Apr-2020 08:49:21.035 INFO [localhost-startStop-1] org.apache.catalina.core.ApplicationContext.log ContextListener: contextInitialized()
15-Apr-2020 08:49:21.036 INFO [localhost-startStop-1] org.apache.catalina.core.ApplicationContext.log SessionListener: contextInitialized()
15-Apr-2020 08:49:21.039 INFO [localhost-startStop-1] org.apache.catalina.core.ApplicationContext.log ContextListener: attributeAdded('StockTicker', 'async.Stockticker@3a42c21b')
15-Apr-2020 11:59:27.109 INFO [localhost-startStop-2] org.apache.catalina.core.ApplicationContext.log SessionListener: contextDestroyed()
15-Apr-2020 11:59:27.109 INFO [localhost-startStop-2] org.apache.catalina.core.ApplicationContext.log ContextListener: contextDestroyed()
